<?xml version="1.0" encoding="UTF-8"?>
<testsuite name="com.book.springboot.web.IndexControllerTest" tests="1" skipped="0" failures="0" errors="0" timestamp="2020-06-13T10:00:39" hostname="DESKTOP-K1RKQNU" time="0.308">
  <properties/>
  <testcase name="loadMainPage" classname="com.book.springboot.web.IndexControllerTest" time="0.308"/>
  <system-out><![CDATA[2020-06-13 19:00:36.851  INFO 45548 --- [    Test worker] .b.t.c.SpringBootTestContextBootstrapper : Neither @ContextConfiguration nor @ContextHierarchy found for test class [com.book.springboot.web.IndexControllerTest], using SpringBootContextLoader
2020-06-13 19:00:36.856  INFO 45548 --- [    Test worker] o.s.t.c.support.AbstractContextLoader    : Could not detect default resource locations for test class [com.book.springboot.web.IndexControllerTest]: no resource found for suffixes {-context.xml, Context.groovy}.
2020-06-13 19:00:36.856  INFO 45548 --- [    Test worker] t.c.s.AnnotationConfigContextLoaderUtils : Could not detect default configuration classes for test class [com.book.springboot.web.IndexControllerTest]: IndexControllerTest does not declare any static, non-private, non-final, nested classes annotated with @Configuration.
2020-06-13 19:00:36.858  INFO 45548 --- [    Test worker] .b.t.c.SpringBootTestContextBootstrapper : Found @SpringBootConfiguration com.book.springboot.Application for test class com.book.springboot.web.IndexControllerTest
2020-06-13 19:00:36.858  INFO 45548 --- [    Test worker] .b.t.c.SpringBootTestContextBootstrapper : Loaded default TestExecutionListener class names from location [META-INF/spring.factories]: [org.springframework.security.test.context.support.WithSecurityContextTestExecutionListener, org.springframework.security.test.context.support.ReactorContextTestExecutionListener, org.springframework.boot.test.autoconfigure.restdocs.RestDocsTestExecutionListener, org.springframework.boot.test.autoconfigure.web.client.MockRestServiceServerResetTestExecutionListener, org.springframework.boot.test.autoconfigure.web.servlet.MockMvcPrintOnlyOnFailureTestExecutionListener, org.springframework.boot.test.autoconfigure.web.servlet.WebDriverTestExecutionListener, org.springframework.boot.test.mock.mockito.MockitoTestExecutionListener, org.springframework.boot.test.mock.mockito.ResetMocksTestExecutionListener, org.springframework.test.context.web.ServletTestExecutionListener, org.springframework.test.context.support.DirtiesContextBeforeModesTestExecutionListener, org.springframework.test.context.support.DependencyInjectionTestExecutionListener, org.springframework.test.context.support.DirtiesContextTestExecutionListener, org.springframework.test.context.transaction.TransactionalTestExecutionListener, org.springframework.test.context.jdbc.SqlScriptsTestExecutionListener]
2020-06-13 19:00:36.858  INFO 45548 --- [    Test worker] .b.t.c.SpringBootTestContextBootstrapper : Using TestExecutionListeners: [org.springframework.test.context.web.ServletTestExecutionListener@20b82069, org.springframework.test.context.support.DirtiesContextBeforeModesTestExecutionListener@446e56ea, org.springframework.boot.test.mock.mockito.MockitoTestExecutionListener@b05de6b, org.springframework.boot.test.autoconfigure.SpringBootDependencyInjectionTestExecutionListener@6161b09e, org.springframework.test.context.support.DirtiesContextTestExecutionListener@3b7fb3, org.springframework.test.context.transaction.TransactionalTestExecutionListener@3654a058, org.springframework.test.context.jdbc.SqlScriptsTestExecutionListener@1307c67f, org.springframework.security.test.context.support.WithSecurityContextTestExecutionListener@7f0e61c1, org.springframework.security.test.context.support.ReactorContextTestExecutionListener@24135f74, org.springframework.boot.test.autoconfigure.restdocs.RestDocsTestExecutionListener@37566dce, org.springframework.boot.test.autoconfigure.web.client.MockRestServiceServerResetTestExecutionListener@1a4f6165, org.springframework.boot.test.autoconfigure.web.servlet.MockMvcPrintOnlyOnFailureTestExecutionListener@16c30b84, org.springframework.boot.test.autoconfigure.web.servlet.WebDriverTestExecutionListener@28950ed7, org.springframework.boot.test.mock.mockito.ResetMocksTestExecutionListener@2c292e16]

  .   ____          _            __ _ _
 /\\ / ___'_ __ _ _(_)_ __  __ _ \ \ \ \
( ( )\___ | '_ | '_| | '_ \/ _` | \ \ \ \
 \\/  ___)| |_)| | | | | || (_| |  ) ) ) )
  '  |____| .__|_| |_|_| |_\__, | / / / /
 =========|_|==============|___/=/_/_/_/
 :: Spring Boot ::        (v2.1.7.RELEASE)

2020-06-13 19:00:36.888  INFO 45548 --- [    Test worker] c.b.springboot.web.IndexControllerTest   : Starting IndexControllerTest on DESKTOP-K1RKQNU with PID 45548 (started by literate-t in D:\springboot-webservice)
2020-06-13 19:00:36.891  INFO 45548 --- [    Test worker] c.b.springboot.web.IndexControllerTest   : No active profile set, falling back to default profiles: default
2020-06-13 19:00:37.106  INFO 45548 --- [    Test worker] .s.d.r.c.RepositoryConfigurationDelegate : Bootstrapping Spring Data repositories in DEFAULT mode.
2020-06-13 19:00:37.126  INFO 45548 --- [    Test worker] .s.d.r.c.RepositoryConfigurationDelegate : Finished Spring Data repository scanning in 20ms. Found 2 repository interfaces.
2020-06-13 19:00:37.231  INFO 45548 --- [    Test worker] trationDelegate$BeanPostProcessorChecker : Bean 'org.springframework.transaction.annotation.ProxyTransactionManagementConfiguration' of type [org.springframework.transaction.annotation.ProxyTransactionManagementConfiguration$$EnhancerBySpringCGLIB$$31a323c4] is not eligible for getting processed by all BeanPostProcessors (for example: not eligible for auto-proxying)
2020-06-13 19:00:37.511  INFO 45548 --- [    Test worker] o.s.b.w.embedded.tomcat.TomcatWebServer  : Tomcat initialized with port(s): 0 (http)
2020-06-13 19:00:37.551  INFO 45548 --- [    Test worker] o.apache.catalina.core.StandardService   : Starting service [Tomcat]
2020-06-13 19:00:37.551  INFO 45548 --- [    Test worker] org.apache.catalina.core.StandardEngine  : Starting Servlet engine: [Apache Tomcat/9.0.22]
2020-06-13 19:00:37.791  INFO 45548 --- [    Test worker] o.a.c.c.C.[Tomcat].[localhost].[/]       : Initializing Spring embedded WebApplicationContext
2020-06-13 19:00:37.796  INFO 45548 --- [    Test worker] o.s.web.context.ContextLoader            : Root WebApplicationContext: initialization completed in 900 ms
2020-06-13 19:00:38.124  INFO 45548 --- [    Test worker] com.zaxxer.hikari.HikariDataSource       : HikariPool-2 - Starting...
2020-06-13 19:00:38.124  INFO 45548 --- [    Test worker] com.zaxxer.hikari.HikariDataSource       : HikariPool-2 - Start completed.
2020-06-13 19:00:38.223  INFO 45548 --- [    Test worker] o.hibernate.jpa.internal.util.LogHelper  : HHH000204: Processing PersistenceUnitInfo [
	name: default
	...]
2020-06-13 19:00:38.242  INFO 45548 --- [    Test worker] org.hibernate.dialect.Dialect            : HHH000400: Using dialect: org.hibernate.dialect.MySQL5InnoDBDialect
Hibernate: drop table if exists posts
Hibernate: drop table if exists user
Hibernate: create table posts (id bigint not null auto_increment, create_data datetime, modified_date datetime, author varchar(255), content TEXT not null, title varchar(500) not null, primary key (id)) engine=InnoDB
Hibernate: create table user (id bigint not null auto_increment, create_data datetime, modified_date datetime, email varchar(255) not null, name varchar(255) not null, picture varchar(255), role varchar(255) not null, primary key (id)) engine=InnoDB
2020-06-13 19:00:38.325  INFO 45548 --- [    Test worker] o.h.t.schema.internal.SchemaCreatorImpl  : HHH000476: Executing import script 'org.hibernate.tool.schema.internal.exec.ScriptSourceInputNonExistentImpl@65405643'
2020-06-13 19:00:38.325  INFO 45548 --- [    Test worker] j.LocalContainerEntityManagerFactoryBean : Initialized JPA EntityManagerFactory for persistence unit 'default'
2020-06-13 19:00:38.750  INFO 45548 --- [    Test worker] o.h.h.i.QueryTranslatorFactoryInitiator  : HHH000397: Using ASTQueryTranslatorFactory
2020-06-13 19:00:38.935  INFO 45548 --- [    Test worker] o.s.s.web.DefaultSecurityFilterChain     : Creating filter chain: any request, [org.springframework.security.web.context.request.async.WebAsyncManagerIntegrationFilter@51abb1b8, org.springframework.security.web.context.SecurityContextPersistenceFilter@427305fb, org.springframework.security.web.header.HeaderWriterFilter@145a2a54, org.springframework.security.web.authentication.logout.LogoutFilter@35dcf138, org.springframework.security.oauth2.client.web.OAuth2AuthorizationRequestRedirectFilter@24cdab4c, org.springframework.security.oauth2.client.web.OAuth2LoginAuthenticationFilter@77d3845f, org.springframework.security.web.authentication.ui.DefaultLoginPageGeneratingFilter@6f5a6df5, org.springframework.security.web.authentication.ui.DefaultLogoutPageGeneratingFilter@26431d86, org.springframework.security.web.savedrequest.RequestCacheAwareFilter@658e45cc, org.springframework.security.web.servletapi.SecurityContextHolderAwareRequestFilter@20c3cba3, org.springframework.security.web.authentication.AnonymousAuthenticationFilter@6f9d55c9, org.springframework.security.web.session.SessionManagementFilter@567324ba, org.springframework.security.web.access.ExceptionTranslationFilter@498dcaeb, org.springframework.security.web.access.intercept.FilterSecurityInterceptor@46563922]
2020-06-13 19:00:39.161  INFO 45548 --- [    Test worker] o.s.s.concurrent.ThreadPoolTaskExecutor  : Initializing ExecutorService 'applicationTaskExecutor'
2020-06-13 19:00:39.179  WARN 45548 --- [    Test worker] aWebConfiguration$JpaWebMvcConfiguration : spring.jpa.open-in-view is enabled by default. Therefore, database queries may be performed during view rendering. Explicitly configure spring.jpa.open-in-view to disable this warning
2020-06-13 19:00:39.211  INFO 45548 --- [    Test worker] o.s.b.a.w.s.WelcomePageHandlerMapping    : Adding welcome page template: index
2020-06-13 19:00:39.562  INFO 45548 --- [    Test worker] s.a.ScheduledAnnotationBeanPostProcessor : No TaskScheduler/ScheduledExecutorService bean found for scheduled processing
2020-06-13 19:00:39.591  INFO 45548 --- [    Test worker] o.s.b.w.embedded.tomcat.TomcatWebServer  : Tomcat started on port(s): 55125 (http) with context path ''
2020-06-13 19:00:39.592  INFO 45548 --- [    Test worker] c.b.springboot.web.IndexControllerTest   : Started IndexControllerTest in 2.73 seconds (JVM running for 13.027)
2020-06-13 19:00:39.746  INFO 45548 --- [o-auto-1-exec-1] o.a.c.c.C.[Tomcat].[localhost].[/]       : Initializing Spring DispatcherServlet 'dispatcherServlet'
2020-06-13 19:00:39.746  INFO 45548 --- [o-auto-1-exec-1] o.s.web.servlet.DispatcherServlet        : Initializing Servlet 'dispatcherServlet'
2020-06-13 19:00:39.791  INFO 45548 --- [o-auto-1-exec-1] o.s.web.servlet.DispatcherServlet        : Completed initialization in 45 ms
Hibernate: select posts0_.id as id1_0_, posts0_.create_data as create_d2_0_, posts0_.modified_date as modified3_0_, posts0_.author as author4_0_, posts0_.content as content5_0_, posts0_.title as title6_0_ from posts posts0_ order by posts0_.id DESC
]]></system-out>
  <system-err><![CDATA[]]></system-err>
</testsuite>
